===========================
== Merian Planner S2021A ==
===========================
obsStart: 2021/03/17 08:59 PM Santiago
          2021/03/17 07:59 PM ET
          2021/03/17 11:59 PM UTC
obsEnd:   2021/03/18 01:51 AM Santiago
          2021/03/18 12:51 AM ET
          2021/03/18 04:51 AM UTC
2021-03-18 04:00:00
(60s) Not enough time for an exposure. Skipping...

==> 20210318_00, 3600.0s available
0.0s filled by priority=0.0 objects
3600.0s filled by priority=1.0 objects
[to_json] Inserting 60s focus exposures
[to_json] Inserting CheckSky 60s exposures
QA COMPLETE: All tests passed

==> 20210318_01, 3600.0s available
0.0s filled by priority=0.0 objects
3600.0s filled by priority=1.0 objects
[to_json] Inserting 60s focus exposures
QA COMPLETE: All tests passed

==> 20210318_02, 3600.0s available
0.0s filled by priority=0.0 objects
3600.0s filled by priority=1.0 objects
[to_json] Inserting 60s focus exposures
QA COMPLETE: All tests passed

==> 20210318_03, 3600.0s available
0.0s filled by priority=0.0 objects
3600.0s filled by priority=1.0 objects
[to_json] Inserting 60s focus exposures
[to_json] Big slew from GAMA_J095954.99+003759.06_N708 to GAMA_J104915.56+002505.78_N708
QA COMPLETE: All tests passed
2021-03-18 05:30:00
2021-03-18 04:51:30

==> 20210318_04, 4290.000000000019s available
0.0s filled by priority=0.0 objects
4200.0s filled by priority=1.0 objects
[to_json] Inserting 60s focus exposures
[to_json] Big slew from GAMA_J103625.58+002437.90_N708 to GAMA_J115726.06-010459.63_N708
QA COMPLETE: All tests passed
